<?xml version="1.0" encoding="UTF-8"?>
<testsuite xmlns:xsi="http://www.w3.org/2001/XMLSchema-instance" xsi:noNamespaceSchemaLocation="https://maven.apache.org/surefire/maven-surefire-plugin/xsd/surefire-test-report-3.0.xsd" version="3.0" name="org.game.UITest" time="0.83" tests="13" errors="0" skipped="0" failures="0">
  <properties>
[...]
</properties>
  <testcase name="testDisplayScore" classname="org.game.UITest" time="0.044"/>
  <testcase name="testDisplayPlanetReward" classname="org.game.UITest" time="0.022"/>
  <testcase name="testDraw" classname="org.game.UITest" time="0.04"/>
  <testcase name="testDisplayPauseMenuEndGame" classname="org.game.UITest" time="0.53"/>
  <testcase name="testDrawLife" classname="org.game.UITest" time="0.012"/>
  <testcase name="testDrawTitleScreen" classname="org.game.UITest" time="0.032"/>
  <testcase name="testDisplayPauseMenuHowToPlay" classname="org.game.UITest" time="0.013"/>
  <testcase name="testShowMessage" classname="org.game.UITest" time="0.021"/>
  <testcase name="testDisplayPauseMenuTitle" classname="org.game.UITest" time="0.02"/>
  <testcase name="testDisplayTime" classname="org.game.UITest" time="0.013"/>
  <testcase name="testEndGame_Quit" classname="org.game.UITest" time="0.012"/>
  <testcase name="testDisplayWinState" classname="org.game.UITest" time="0.016"/>
  <testcase name="testDrawGameOverScreen" classname="org.game.UITest" time="0.053"/>
</testsuite>